     1                                  [org 0x100]
     2                                  
     3 00000000 B80000                  mov ax , 0
     4 00000003 BB[2800]                mov bx , num1
     5 00000006 B90000                  mov cx , 0
     6 00000009 BA0A00                  mov dx , 10
     7                                  l1:
     8                                      
     9 0000000C 8B0F                        mov cx  , [bx]
    10 0000000E 81C30200                    add bx , 2
    11 00000012 81F90000                    cmp cx   , 0
    12 00000016 7500                        jnz l2
    13                                  
    14                                  l2:
    15 00000018 01C8                        add ax , cx 
    16 0000001A 81EA0100                    sub dx ,1
    17                                  
    18 0000001E 75EC                    jnz l1
    19                                  
    20 00000020 A3[3400]                mov [result] , ax
    21                                  
    22                                  
    23 00000023 B8004C                  mov ax , 0x4c00
    24 00000026 CD21                    int 0x21
    25                                  
    26 00000028 020000000000000007-     num1:dw 2,0,0,0,7,0
    27 00000031 000000             
    28 00000034 0000                    result : dw 0
